<?xml version="1.0" encoding="UTF-8"?>
<coverage generated="1707208070731" clover="3.2.0">
  <project timestamp="1707208070731" name="All files">
    <metrics statements="15" coveredstatements="15" conditionals="8" coveredconditionals="8" methods="2" coveredmethods="2" elements="25" coveredelements="25" complexity="0" loc="15" ncloc="15" packages="1" files="1" classes="1"/>
    <file name="app.js" path="C:\mycode\Netology\сайты\Object-Reflection-Proxy---TASK_1\src\js\app.js">
      <metrics statements="15" coveredstatements="15" conditionals="8" coveredconditionals="8" methods="2" coveredmethods="2"/>
      <line num="1" count="1" type="stmt"/>
      <line num="10" count="4" type="stmt"/>
      <line num="11" count="4" type="stmt"/>
      <line num="12" count="20" type="cond" truecount="4" falsecount="0"/>
      <line num="13" count="15" type="stmt"/>
      <line num="16" count="4" type="stmt"/>
      <line num="17" count="22" type="cond" truecount="2" falsecount="0"/>
      <line num="18" count="9" type="stmt"/>
      <line num="20" count="13" type="stmt"/>
      <line num="22" count="4" type="stmt"/>
      <line num="23" count="6" type="cond" truecount="2" falsecount="0"/>
      <line num="24" count="5" type="stmt"/>
      <line num="29" count="1" type="stmt"/>
      <line num="32" count="3" type="stmt"/>
      <line num="35" count="1" type="stmt"/>
    </file>
  </project>
</coverage>
