<?xml version="1.0" encoding="UTF-8"?>
<coverage generated="1707207257907" clover="3.2.0">
  <project timestamp="1707207257907" name="All files">
    <metrics statements="15" coveredstatements="14" conditionals="8" coveredconditionals="7" methods="2" coveredmethods="2" elements="25" coveredelements="23" complexity="0" loc="15" ncloc="15" packages="1" files="1" classes="1"/>
    <file name="app.js" path="C:\mycode\Netology\сайты\Object-Reflection-Proxy---TASK_1\src\js\app.js">
      <metrics statements="15" coveredstatements="14" conditionals="8" coveredconditionals="7" methods="2" coveredmethods="2"/>
      <line num="1" count="1" type="stmt"/>
      <line num="10" count="3" type="stmt"/>
      <line num="11" count="3" type="stmt"/>
      <line num="12" count="15" type="cond" truecount="4" falsecount="0"/>
      <line num="13" count="10" type="stmt"/>
      <line num="16" count="3" type="stmt"/>
      <line num="17" count="13" type="cond" truecount="2" falsecount="0"/>
      <line num="18" count="6" type="stmt"/>
      <line num="20" count="7" type="stmt"/>
      <line num="22" count="3" type="stmt"/>
      <line num="23" count="5" type="cond" truecount="1" falsecount="1"/>
      <line num="24" count="5" type="stmt"/>
      <line num="29" count="0" type="stmt"/>
      <line num="32" count="3" type="stmt"/>
      <line num="35" count="1" type="stmt"/>
    </file>
  </project>
</coverage>
