{"C:\\mycode\\Netology\\сайты\\Object-Reflection-Proxy---TASK_1\\src\\js\\app.js": {"path":"C:\\mycode\\Netology\\сайты\\Object-Reflection-Proxy---TASK_1\\src\\js\\app.js","statementMap":{"0":{"start":{"line":1,"column":12},"end":{"line":7,"column":1}},"1":{"start":{"line":10,"column":17},"end":{"line":10,"column":19}},"2":{"start":{"line":11,"column":2},"end":{"line":15,"column":3}},"3":{"start":{"line":12,"column":4},"end":{"line":14,"column":5}},"4":{"start":{"line":13,"column":6},"end":{"line":13,"column":54}},"5":{"start":{"line":16,"column":2},"end":{"line":21,"column":5}},"6":{"start":{"line":17,"column":4},"end":{"line":19,"column":5}},"7":{"start":{"line":18,"column":6},"end":{"line":18,"column":15}},"8":{"start":{"line":20,"column":4},"end":{"line":20,"column":14}},"9":{"start":{"line":22,"column":2},"end":{"line":31,"column":3}},"10":{"start":{"line":22,"column":15},"end":{"line":22,"column":29}},"11":{"start":{"line":23,"column":4},"end":{"line":30,"column":5}},"12":{"start":{"line":24,"column":6},"end":{"line":27,"column":9}},"13":{"start":{"line":29,"column":6},"end":{"line":29,"column":22}},"14":{"start":{"line":32,"column":2},"end":{"line":32,"column":16}},"15":{"start":{"line":35,"column":0},"end":{"line":35,"column":37}}},"fnMap":{"0":{"name":"orderByProps","decl":{"start":{"line":9,"column":9},"end":{"line":9,"column":21}},"loc":{"start":{"line":9,"column":35},"end":{"line":33,"column":1}},"line":9},"1":{"name":"(anonymous_1)","decl":{"start":{"line":16,"column":14},"end":{"line":16,"column":15}},"loc":{"start":{"line":16,"column":24},"end":{"line":21,"column":3}},"line":16}},"branchMap":{"0":{"loc":{"start":{"line":12,"column":4},"end":{"line":14,"column":5}},"type":"if","locations":[{"start":{"line":12,"column":4},"end":{"line":14,"column":5}},{"start":{},"end":{}}],"line":12},"1":{"loc":{"start":{"line":12,"column":8},"end":{"line":12,"column":81}},"type":"binary-expr","locations":[{"start":{"line":12,"column":8},"end":{"line":12,"column":58}},{"start":{"line":12,"column":62},"end":{"line":12,"column":81}}],"line":12},"2":{"loc":{"start":{"line":17,"column":4},"end":{"line":19,"column":5}},"type":"if","locations":[{"start":{"line":17,"column":4},"end":{"line":19,"column":5}},{"start":{},"end":{}}],"line":17},"3":{"loc":{"start":{"line":23,"column":4},"end":{"line":30,"column":5}},"type":"if","locations":[{"start":{"line":23,"column":4},"end":{"line":30,"column":5}},{"start":{"line":28,"column":11},"end":{"line":30,"column":5}}],"line":23}},"s":{"0":1,"1":3,"2":3,"3":15,"4":10,"5":3,"6":13,"7":6,"8":7,"9":3,"10":3,"11":5,"12":5,"13":0,"14":3,"15":1},"f":{"0":3,"1":13},"b":{"0":[10,5],"1":[15,15],"2":[6,7],"3":[5,0]},"_coverageSchema":"1a1c01bbd47fc00a2c39e90264f33305004495a9","hash":"2869a1b58195fb28d43a95e242bd652e3cd65248"}
}
